2026-03-18 00:20:16 [INFO    ] __main__:   ✓ src.cogs.moderation
2026-03-18 00:20:16 [INFO    ] src.cogs.music: Spotify client ready.
2026-03-18 00:20:16 [INFO    ] __main__:   ✓ src.cogs.music
2026-03-18 00:20:16 [INFO    ] src.cogs.invite: Invite log channel: 1349445314825818186
2026-03-18 00:20:16 [INFO    ] __main__:   ✓ src.cogs.invite
2026-03-18 00:20:16 [INFO    ] __main__:   ✓ src.cogs.help
2026-03-18 00:20:19 [INFO    ] __main__: Synced 14 slash commands.
2026-03-18 00:20:19 [INFO    ] __main__: Ready: kolokithes A.E#7073 | guilds=5 | users=81
2026-03-18 00:20:20 [INFO    ] src.cogs.invite: Invite cache ready: 1 codes
2026-03-18 00:48:52 [INFO    ] __main__:   ✓ src.cogs.moderation
2026-03-18 00:48:52 [INFO    ] src.cogs.music: Spotify client ready.
2026-03-18 00:48:52 [INFO    ] __main__:   ✓ src.cogs.music
2026-03-18 00:48:52 [INFO    ] src.cogs.invite: Invite log channel: 1349445314825818186
2026-03-18 00:48:52 [INFO    ] __main__:   ✓ src.cogs.invite
2026-03-18 00:48:52 [INFO    ] __main__:   ✓ src.cogs.help
2026-03-18 00:48:56 [INFO    ] __main__: Synced 14 slash commands.
2026-03-18 00:48:56 [INFO    ] __main__: Ready: kolokithes A.E#7073 | guilds=5 | users=81
2026-03-18 00:48:57 [INFO    ] src.cogs.invite: Invite cache ready: 1 codes
2026-03-18 00:52:19 [INFO    ] __main__:   ✓ src.cogs.moderation
2026-03-18 00:52:19 [INFO    ] src.cogs.music: Spotify client ready.
2026-03-18 00:52:19 [INFO    ] __main__:   ✓ src.cogs.music
2026-03-18 00:52:19 [INFO    ] src.cogs.invite: Invite log channel: 1349445314825818186
2026-03-18 00:52:19 [INFO    ] __main__:   ✓ src.cogs.invite
2026-03-18 00:52:19 [INFO    ] __main__:   ✓ src.cogs.help
2026-03-18 00:52:23 [INFO    ] __main__: Synced 14 slash commands.
2026-03-18 00:52:23 [INFO    ] __main__: Ready: kolokithes A.E#7073 | guilds=5 | users=81
2026-03-18 00:52:24 [INFO    ] src.cogs.invite: Invite cache ready: 1 codes
2026-03-18 00:54:42 [INFO    ] __main__:   ✓ src.cogs.moderation
2026-03-18 00:54:42 [INFO    ] src.cogs.music: Spotify client ready.
2026-03-18 00:54:42 [INFO    ] __main__:   ✓ src.cogs.music
2026-03-18 00:54:42 [INFO    ] src.cogs.invite: Invite log channel: 1349445314825818186
2026-03-18 00:54:42 [INFO    ] __main__:   ✓ src.cogs.invite
2026-03-18 00:54:42 [INFO    ] __main__:   ✓ src.cogs.help
2026-03-18 00:54:46 [INFO    ] __main__: Synced 14 slash commands.
2026-03-18 00:54:46 [INFO    ] __main__: Ready: kolokithes A.E#7073 | guilds=5 | users=81
2026-03-18 00:54:47 [INFO    ] src.cogs.invite: Invite cache ready: 1 codes
2026-03-18 02:25:59 [INFO    ] __main__:   [OK] src.cogs.moderation
2026-03-18 02:25:59 [INFO    ] src.cogs.music: Spotify client ready.
2026-03-18 02:25:59 [INFO    ] __main__:   [OK] src.cogs.music
2026-03-18 02:25:59 [INFO    ] src.cogs.invite: Invite log channel: None
2026-03-18 02:25:59 [INFO    ] __main__:   [OK] src.cogs.invite
2026-03-18 02:25:59 [INFO    ] __main__:   [OK] src.cogs.help
2026-03-18 02:26:03 [INFO    ] src.cogs.invite: Invite cache ready: 1 codes
2026-03-18 02:26:03 [INFO    ] __main__: Synced 15 slash commands.
2026-03-18 02:26:03 [INFO    ] __main__: Ready: kolokithes A.E#7073 | guilds=5 | users=81
2026-03-18 13:16:04 [INFO    ] __main__:   [OK] src.cogs.moderation
2026-03-18 13:16:04 [INFO    ] src.cogs.music: Spotify client ready.
2026-03-18 13:16:04 [INFO    ] __main__:   [OK] src.cogs.music
2026-03-18 13:16:04 [INFO    ] src.cogs.invite: Invite log channel: None
2026-03-18 13:16:04 [INFO    ] __main__:   [OK] src.cogs.invite
2026-03-18 13:16:04 [INFO    ] __main__:   [OK] src.cogs.help
2026-03-18 13:16:08 [INFO    ] __main__: Synced 15 slash commands.
2026-03-18 13:16:08 [INFO    ] __main__: Ready: kolokithes A.E#7073 | guilds=5 | users=81
2026-03-18 13:16:08 [INFO    ] src.cogs.invite: Invite cache ready: 1 codes
2026-03-18 13:16:45 [ERROR   ] src.cogs.music: Voice connect: PyNaCl library needed in order to use voice
2026-03-18 13:18:03 [INFO    ] __main__:   [OK] src.cogs.moderation
2026-03-18 13:18:03 [INFO    ] src.cogs.music: Spotify client ready.
2026-03-18 13:18:03 [INFO    ] __main__:   [OK] src.cogs.music
2026-03-18 13:18:03 [INFO    ] src.cogs.invite: Invite log channel: None
2026-03-18 13:18:03 [INFO    ] __main__:   [OK] src.cogs.invite
2026-03-18 13:18:03 [INFO    ] __main__:   [OK] src.cogs.help
2026-03-18 13:18:07 [INFO    ] src.cogs.invite: Invite cache ready: 1 codes
2026-03-18 13:18:07 [INFO    ] __main__: Synced 15 slash commands.
2026-03-18 13:18:07 [INFO    ] __main__: Ready: kolokithes A.E#7073 | guilds=5 | users=81
2026-03-18 13:18:25 [ERROR   ] src.cogs.music: Voice connect: PyNaCl library needed in order to use voice
2026-03-18 13:19:27 [INFO    ] __main__:   [OK] src.cogs.moderation
2026-03-18 13:19:27 [INFO    ] src.cogs.music: Spotify client ready.
2026-03-18 13:19:27 [INFO    ] __main__:   [OK] src.cogs.music
2026-03-18 13:19:27 [INFO    ] src.cogs.invite: Invite log channel: None
2026-03-18 13:19:27 [INFO    ] __main__:   [OK] src.cogs.invite
2026-03-18 13:19:27 [INFO    ] __main__:   [OK] src.cogs.help
2026-03-18 13:19:31 [INFO    ] __main__: Synced 15 slash commands.
2026-03-18 13:19:31 [INFO    ] __main__: Ready: kolokithes A.E#7073 | guilds=5 | users=81
2026-03-18 13:19:31 [INFO    ] src.cogs.invite: Invite cache ready: 1 codes
2026-03-18 13:19:34 [ERROR   ] src.cogs.music: Voice connect: davey library needed in order to use voice
2026-03-18 13:22:33 [INFO    ] __main__:   [OK] src.cogs.moderation
2026-03-18 13:22:33 [INFO    ] src.cogs.music: Spotify client ready.
2026-03-18 13:22:33 [INFO    ] __main__:   [OK] src.cogs.music
2026-03-18 13:22:33 [INFO    ] src.cogs.invite: Invite log channel: None
2026-03-18 13:22:33 [INFO    ] __main__:   [OK] src.cogs.invite
2026-03-18 13:22:33 [INFO    ] __main__:   [OK] src.cogs.help
2026-03-18 13:22:37 [INFO    ] src.cogs.invite: Invite cache ready: 1 codes
2026-03-18 13:22:37 [INFO    ] __main__: Synced 15 slash commands.
2026-03-18 13:22:37 [INFO    ] __main__: Ready: kolokithes A.E#7073 | guilds=5 | users=81
2026-03-18 13:23:01 [ERROR   ] src.cogs.music: idlemusic error: ffmpeg was not found.
2026-03-18 13:29:32 [INFO    ] __main__:   [OK] src.cogs.moderation
2026-03-18 13:29:32 [INFO    ] src.cogs.music: Spotify client ready.
2026-03-18 13:29:32 [INFO    ] __main__:   [OK] src.cogs.music
2026-03-18 13:29:32 [INFO    ] src.cogs.invite: Invite log channel: None
2026-03-18 13:29:32 [INFO    ] __main__:   [OK] src.cogs.invite
2026-03-18 13:29:32 [INFO    ] __main__:   [OK] src.cogs.help
2026-03-18 13:29:36 [INFO    ] src.cogs.invite: Invite cache ready: 1 codes
2026-03-18 13:29:36 [INFO    ] __main__: Synced 15 slash commands.
2026-03-18 13:29:36 [INFO    ] __main__: Ready: kolokithes A.E#7073 | guilds=5 | users=81
2026-03-18 13:35:45 [INFO    ] __main__:   [OK] src.cogs.moderation
2026-03-18 13:35:45 [INFO    ] src.cogs.music: Spotify client ready.
2026-03-18 13:35:45 [INFO    ] __main__:   [OK] src.cogs.music
2026-03-18 13:35:45 [INFO    ] src.cogs.invite: Invite log channel: None
2026-03-18 13:35:45 [INFO    ] __main__:   [OK] src.cogs.invite
2026-03-18 13:35:45 [INFO    ] __main__:   [OK] src.cogs.help
2026-03-18 13:35:50 [INFO    ] src.cogs.invite: Invite cache ready: 1 codes
2026-03-18 13:35:50 [INFO    ] __main__: Synced 15 slash commands.
2026-03-18 13:35:50 [INFO    ] __main__: Ready: kolokithes A.E#7073 | guilds=5 | users=81
2026-03-18 13:53:04 [INFO    ] __main__:   [OK] src.cogs.moderation
2026-03-18 13:53:04 [INFO    ] src.cogs.music: Spotify client ready.
2026-03-18 13:53:04 [INFO    ] __main__:   [OK] src.cogs.music
2026-03-18 13:53:04 [INFO    ] src.cogs.invite: Invite log channel: None
2026-03-18 13:53:04 [INFO    ] __main__:   [OK] src.cogs.invite
2026-03-18 13:53:04 [INFO    ] __main__:   [OK] src.cogs.help
2026-03-18 13:53:08 [INFO    ] __main__: Synced 15 slash commands.
2026-03-18 13:53:08 [INFO    ] __main__: Ready: kolokithes A.E#7073 | guilds=5 | users=81
2026-03-18 13:53:08 [INFO    ] src.cogs.invite: Invite cache ready: 1 codes
2026-03-18 14:11:22 [INFO    ] __main__:   [OK] src.cogs.moderation
2026-03-18 14:11:22 [INFO    ] src.cogs.music: Spotify client ready.
2026-03-18 14:11:22 [INFO    ] __main__:   [OK] src.cogs.music
2026-03-18 14:11:22 [INFO    ] src.cogs.invite: Invite log channel: None
2026-03-18 14:11:22 [INFO    ] __main__:   [OK] src.cogs.invite
2026-03-18 14:11:22 [INFO    ] __main__:   [OK] src.cogs.help
2026-03-18 14:11:26 [INFO    ] __main__: Synced 15 slash commands.
2026-03-18 14:11:26 [INFO    ] __main__: Ready: kolokithes A.E#7073 | guilds=5 | users=81
2026-03-18 14:11:26 [INFO    ] src.cogs.invite: Invite cache ready: 1 codes
2026-03-18 14:15:37 [INFO    ] __main__:   [OK] src.cogs.moderation
2026-03-18 14:15:37 [INFO    ] src.cogs.music: Spotify client ready.
2026-03-18 14:15:37 [INFO    ] __main__:   [OK] src.cogs.music
2026-03-18 14:15:37 [INFO    ] src.cogs.invite: Invite log channel: None
2026-03-18 14:15:37 [INFO    ] __main__:   [OK] src.cogs.invite
2026-03-18 14:15:37 [INFO    ] __main__:   [OK] src.cogs.help
2026-03-18 14:15:41 [INFO    ] __main__: Synced 15 slash commands.
2026-03-18 14:15:41 [INFO    ] __main__: Ready: kolokithes A.E#7073 | guilds=5 | users=81
2026-03-18 14:15:41 [INFO    ] src.cogs.invite: Invite cache ready: 1 codes
2026-03-18 14:54:40 [INFO    ] __main__:   [OK] src.cogs.moderation
2026-03-18 14:54:40 [INFO    ] src.cogs.music: Spotify client ready.
2026-03-18 14:54:40 [INFO    ] __main__:   [OK] src.cogs.music
2026-03-18 14:54:40 [INFO    ] src.cogs.invite: Invite log channel: None
2026-03-18 14:54:40 [INFO    ] __main__:   [OK] src.cogs.invite
2026-03-18 14:54:40 [INFO    ] __main__:   [OK] src.cogs.help
2026-03-18 14:54:44 [INFO    ] __main__: Synced 15 slash commands.
2026-03-18 14:54:44 [INFO    ] __main__: Ready: kolokithes A.E#7073 | guilds=5 | users=81
2026-03-18 14:54:44 [INFO    ] src.cogs.invite: Invite cache ready: 1 codes
2026-03-18 21:18:59 [INFO    ] __main__:   [OK] src.cogs.moderation
2026-03-18 21:18:59 [INFO    ] src.cogs.music: Spotify client ready.
2026-03-18 21:18:59 [INFO    ] __main__:   [OK] src.cogs.music
2026-03-18 21:18:59 [INFO    ] src.cogs.invite: Invite log channel: None
2026-03-18 21:18:59 [INFO    ] __main__:   [OK] src.cogs.invite
2026-03-18 21:18:59 [INFO    ] __main__:   [OK] src.cogs.help
2026-03-18 21:19:04 [INFO    ] __main__: Synced 15 slash commands.
2026-03-18 21:19:04 [INFO    ] __main__: Ready: kolokithes A.E#7073 | guilds=5 | users=81
2026-03-18 21:19:04 [INFO    ] src.cogs.invite: Invite cache ready: 1 codes
2026-03-18 21:33:33 [INFO    ] __main__:   [OK] src.cogs.moderation
2026-03-18 21:33:33 [INFO    ] src.cogs.music: Spotify client ready.
2026-03-18 21:33:33 [INFO    ] __main__:   [OK] src.cogs.music
2026-03-18 21:33:33 [INFO    ] src.cogs.invite: Invite log channel: None
2026-03-18 21:33:33 [INFO    ] __main__:   [OK] src.cogs.invite
2026-03-18 21:33:33 [INFO    ] __main__:   [OK] src.cogs.help
2026-03-18 21:33:37 [INFO    ] __main__: Synced 15 slash commands.
2026-03-18 21:33:37 [INFO    ] __main__: Ready: kolokithes A.E#7073 | guilds=5 | users=81
2026-03-18 21:33:37 [INFO    ] src.cogs.invite: Invite cache ready: 1 codes
2026-03-18 21:43:47 [INFO    ] __main__:   [OK] src.cogs.moderation
2026-03-18 21:43:47 [INFO    ] src.cogs.music: Spotify client ready.
2026-03-18 21:43:47 [INFO    ] __main__:   [OK] src.cogs.music
2026-03-18 21:43:47 [INFO    ] src.cogs.invite: Invite log channel: None
2026-03-18 21:43:47 [INFO    ] __main__:   [OK] src.cogs.invite
2026-03-18 21:43:47 [INFO    ] __main__:   [OK] src.cogs.help
2026-03-18 21:43:51 [INFO    ] src.cogs.invite: Invite cache ready: 1 codes
2026-03-18 21:43:51 [INFO    ] __main__: Synced 15 slash commands.
2026-03-18 21:43:51 [INFO    ] __main__: Ready: kolokithes A.E#7073 | guilds=5 | users=81
2026-03-18 21:48:36 [INFO    ] __main__:   [OK] src.cogs.moderation
2026-03-18 21:48:36 [INFO    ] src.cogs.music: Spotify client ready.
2026-03-18 21:48:36 [INFO    ] __main__:   [OK] src.cogs.music
2026-03-18 21:48:36 [INFO    ] src.cogs.invite: Invite log channel: None
2026-03-18 21:48:36 [INFO    ] __main__:   [OK] src.cogs.invite
2026-03-18 21:48:36 [INFO    ] __main__:   [OK] src.cogs.help
2026-03-18 21:48:40 [INFO    ] __main__: Synced 15 slash commands.
2026-03-18 21:48:40 [INFO    ] __main__: Ready: kolokithes A.E#7073 | guilds=5 | users=81
2026-03-18 21:48:40 [INFO    ] src.cogs.invite: Invite cache ready: 1 codes
2026-03-18 21:52:47 [INFO    ] __main__:   [OK] src.cogs.moderation
2026-03-18 21:52:48 [INFO    ] src.cogs.music: Spotify client ready.
2026-03-18 21:52:48 [INFO    ] __main__:   [OK] src.cogs.music
2026-03-18 21:52:48 [INFO    ] src.cogs.invite: Invite log channel: None
2026-03-18 21:52:48 [INFO    ] __main__:   [OK] src.cogs.invite
2026-03-18 21:52:48 [INFO    ] __main__:   [OK] src.cogs.help
2026-03-18 21:52:51 [INFO    ] src.cogs.invite: Invite cache ready: 1 codes
2026-03-18 21:52:51 [INFO    ] __main__: Synced 15 slash commands.
2026-03-18 21:52:51 [INFO    ] __main__: Ready: kolokithes A.E#7073 | guilds=5 | users=81
2026-03-18 21:57:23 [INFO    ] __main__:   [OK] src.cogs.moderation
2026-03-18 21:57:23 [INFO    ] src.cogs.music: Spotify client ready.
2026-03-18 21:57:23 [INFO    ] __main__:   [OK] src.cogs.music
2026-03-18 21:57:23 [INFO    ] src.cogs.invite: Invite log channel: None
2026-03-18 21:57:23 [INFO    ] __main__:   [OK] src.cogs.invite
2026-03-18 21:57:23 [INFO    ] __main__:   [OK] src.cogs.help
2026-03-18 21:57:27 [INFO    ] src.cogs.invite: Invite cache ready: 1 codes
2026-03-18 21:57:28 [INFO    ] __main__: Synced 15 slash commands.
2026-03-18 21:57:28 [INFO    ] __main__: Ready: kolokithes A.E#7073 | guilds=5 | users=81
2026-03-18 22:01:54 [INFO    ] __main__:   [OK] src.cogs.moderation
2026-03-18 22:01:54 [INFO    ] src.cogs.music: Spotify client ready.
2026-03-18 22:01:54 [INFO    ] __main__:   [OK] src.cogs.music
2026-03-18 22:01:54 [INFO    ] src.cogs.invite: Invite log channel: None
2026-03-18 22:01:54 [INFO    ] __main__:   [OK] src.cogs.invite
2026-03-18 22:01:54 [INFO    ] __main__:   [OK] src.cogs.help
2026-03-18 22:01:59 [INFO    ] src.cogs.invite: Invite cache ready: 1 codes
2026-03-18 22:01:59 [INFO    ] __main__: Synced 15 slash commands.
2026-03-18 22:01:59 [INFO    ] __main__: Ready: kolokithes A.E#7073 | guilds=5 | users=81
2026-03-18 22:09:50 [INFO    ] __main__:   [OK] src.cogs.moderation
2026-03-18 22:09:50 [INFO    ] src.cogs.music: Spotify client ready.
2026-03-18 22:09:50 [INFO    ] __main__:   [OK] src.cogs.music
2026-03-18 22:09:50 [INFO    ] src.cogs.invite: Invite log channel: None
2026-03-18 22:09:50 [INFO    ] __main__:   [OK] src.cogs.invite
2026-03-18 22:09:50 [INFO    ] __main__:   [OK] src.cogs.help
2026-03-18 22:09:54 [INFO    ] __main__: Synced 15 slash commands.
2026-03-18 22:09:54 [INFO    ] __main__: Ready: kolokithes A.E#7073 | guilds=5 | users=81
2026-03-18 22:09:54 [INFO    ] src.cogs.invite: Invite cache ready: 1 codes
2026-03-18 22:12:44 [INFO    ] __main__:   [OK] src.cogs.moderation
2026-03-18 22:12:44 [INFO    ] src.cogs.music: Spotify client ready.
2026-03-18 22:12:44 [INFO    ] __main__:   [OK] src.cogs.music
2026-03-18 22:12:44 [INFO    ] src.cogs.invite: Invite log channel: None
2026-03-18 22:12:44 [INFO    ] __main__:   [OK] src.cogs.invite
2026-03-18 22:12:44 [INFO    ] __main__:   [OK] src.cogs.help
2026-03-18 22:12:48 [INFO    ] src.cogs.invite: Invite cache ready: 1 codes
2026-03-18 22:12:48 [INFO    ] __main__: Synced 15 slash commands.
2026-03-18 22:12:48 [INFO    ] __main__: Ready: kolokithes A.E#7073 | guilds=5 | users=81
2026-03-18 22:16:31 [INFO    ] __main__:   [OK] src.cogs.moderation
2026-03-18 22:16:31 [INFO    ] src.cogs.music: Spotify client ready.
2026-03-18 22:16:31 [INFO    ] __main__:   [OK] src.cogs.music
2026-03-18 22:16:31 [INFO    ] src.cogs.invite: Invite log channel: None
2026-03-18 22:16:31 [INFO    ] __main__:   [OK] src.cogs.invite
2026-03-18 22:16:31 [INFO    ] __main__:   [OK] src.cogs.help
2026-03-18 22:16:36 [INFO    ] __main__: Synced 15 slash commands.
2026-03-18 22:16:36 [INFO    ] __main__: Ready: kolokithes A.E#7073 | guilds=5 | users=81
2026-03-18 22:16:36 [INFO    ] src.cogs.invite: Invite cache ready: 1 codes
2026-03-18 22:22:34 [INFO    ] __main__:   [OK] src.cogs.moderation
2026-03-18 22:22:34 [INFO    ] src.cogs.music: Spotify client ready.
2026-03-18 22:22:34 [INFO    ] __main__:   [OK] src.cogs.music
2026-03-18 22:22:34 [INFO    ] src.cogs.invite: Invite log channel: None
2026-03-18 22:22:34 [INFO    ] __main__:   [OK] src.cogs.invite
2026-03-18 22:22:34 [INFO    ] __main__:   [OK] src.cogs.help
2026-03-18 22:22:37 [INFO    ] __main__: Synced 15 slash commands.
2026-03-18 22:22:37 [INFO    ] __main__: Ready: kolokithes A.E#7073 | guilds=5 | users=81
2026-03-18 22:22:37 [INFO    ] src.cogs.invite: Invite cache ready: 1 codes
2026-03-18 22:28:41 [ERROR   ] src.web.app: Exception on /api/music [GET]
Traceback (most recent call last):
  File "C:\Users\Fuck-Windows\AppData\Local\Programs\Python\Python314\Lib\site-packages\flask\app.py", line 1511, in wsgi_app
    response = self.full_dispatch_request()
  File "C:\Users\Fuck-Windows\AppData\Local\Programs\Python\Python314\Lib\site-packages\flask\app.py", line 919, in full_dispatch_request
    rv = self.handle_user_exception(e)
  File "C:\Users\Fuck-Windows\AppData\Local\Programs\Python\Python314\Lib\site-packages\flask\app.py", line 917, in full_dispatch_request
    rv = self.dispatch_request()
  File "C:\Users\Fuck-Windows\AppData\Local\Programs\Python\Python314\Lib\site-packages\flask\app.py", line 902, in dispatch_request
    return self.ensure_sync(self.view_functions[rule.endpoint])(**view_args)  # type: ignore[no-any-return]
           ~~~~~~~~~~~~~~~~~~~~~~~~~~~~~~~~~~~~~~~~~~~~~~~~~~~~^^^^^^^^^^^^^
  File "D:\Projects\Python_Projects\Discord bot\src\web\app.py", line 160, in api_music
    "queue":     [{"title": s.title, "duration": s.duration} for s in list(state.queue)],
                            ^^^^^^^
AttributeError: 'dict' object has no attribute 'title'
2026-03-18 22:28:50 [ERROR   ] src.web.app: Exception on /api/music [GET]
Traceback (most recent call last):
  File "C:\Users\Fuck-Windows\AppData\Local\Programs\Python\Python314\Lib\site-packages\flask\app.py", line 1511, in wsgi_app
    response = self.full_dispatch_request()
  File "C:\Users\Fuck-Windows\AppData\Local\Programs\Python\Python314\Lib\site-packages\flask\app.py", line 919, in full_dispatch_request
    rv = self.handle_user_exception(e)
  File "C:\Users\Fuck-Windows\AppData\Local\Programs\Python\Python314\Lib\site-packages\flask\app.py", line 917, in full_dispatch_request
    rv = self.dispatch_request()
  File "C:\Users\Fuck-Windows\AppData\Local\Programs\Python\Python314\Lib\site-packages\flask\app.py", line 902, in dispatch_request
    return self.ensure_sync(self.view_functions[rule.endpoint])(**view_args)  # type: ignore[no-any-return]
           ~~~~~~~~~~~~~~~~~~~~~~~~~~~~~~~~~~~~~~~~~~~~~~~~~~~~^^^^^^^^^^^^^
  File "D:\Projects\Python_Projects\Discord bot\src\web\app.py", line 160, in api_music
    "queue":     [{"title": s.title, "duration": s.duration} for s in list(state.queue)],
                            ^^^^^^^
AttributeError: 'dict' object has no attribute 'title'
2026-03-18 22:29:00 [ERROR   ] src.web.app: Exception on /api/music [GET]
Traceback (most recent call last):
  File "C:\Users\Fuck-Windows\AppData\Local\Programs\Python\Python314\Lib\site-packages\flask\app.py", line 1511, in wsgi_app
    response = self.full_dispatch_request()
  File "C:\Users\Fuck-Windows\AppData\Local\Programs\Python\Python314\Lib\site-packages\flask\app.py", line 919, in full_dispatch_request
    rv = self.handle_user_exception(e)
  File "C:\Users\Fuck-Windows\AppData\Local\Programs\Python\Python314\Lib\site-packages\flask\app.py", line 917, in full_dispatch_request
    rv = self.dispatch_request()
  File "C:\Users\Fuck-Windows\AppData\Local\Programs\Python\Python314\Lib\site-packages\flask\app.py", line 902, in dispatch_request
    return self.ensure_sync(self.view_functions[rule.endpoint])(**view_args)  # type: ignore[no-any-return]
           ~~~~~~~~~~~~~~~~~~~~~~~~~~~~~~~~~~~~~~~~~~~~~~~~~~~~^^^^^^^^^^^^^
  File "D:\Projects\Python_Projects\Discord bot\src\web\app.py", line 160, in api_music
    "queue":     [{"title": s.title, "duration": s.duration} for s in list(state.queue)],
                            ^^^^^^^
AttributeError: 'dict' object has no attribute 'title'
2026-03-18 22:29:04 [ERROR   ] src.web.app: Exception on /api/music [GET]
Traceback (most recent call last):
  File "C:\Users\Fuck-Windows\AppData\Local\Programs\Python\Python314\Lib\site-packages\flask\app.py", line 1511, in wsgi_app
    response = self.full_dispatch_request()
  File "C:\Users\Fuck-Windows\AppData\Local\Programs\Python\Python314\Lib\site-packages\flask\app.py", line 919, in full_dispatch_request
    rv = self.handle_user_exception(e)
  File "C:\Users\Fuck-Windows\AppData\Local\Programs\Python\Python314\Lib\site-packages\flask\app.py", line 917, in full_dispatch_request
    rv = self.dispatch_request()
  File "C:\Users\Fuck-Windows\AppData\Local\Programs\Python\Python314\Lib\site-packages\flask\app.py", line 902, in dispatch_request
    return self.ensure_sync(self.view_functions[rule.endpoint])(**view_args)  # type: ignore[no-any-return]
           ~~~~~~~~~~~~~~~~~~~~~~~~~~~~~~~~~~~~~~~~~~~~~~~~~~~~^^^^^^^^^^^^^
  File "D:\Projects\Python_Projects\Discord bot\src\web\app.py", line 160, in api_music
    "queue":     [{"title": s.title, "duration": s.duration} for s in list(state.queue)],
                            ^^^^^^^
AttributeError: 'dict' object has no attribute 'title'
2026-03-18 22:29:13 [ERROR   ] src.web.app: Exception on /api/music [GET]
Traceback (most recent call last):
  File "C:\Users\Fuck-Windows\AppData\Local\Programs\Python\Python314\Lib\site-packages\flask\app.py", line 1511, in wsgi_app
    response = self.full_dispatch_request()
  File "C:\Users\Fuck-Windows\AppData\Local\Programs\Python\Python314\Lib\site-packages\flask\app.py", line 919, in full_dispatch_request
    rv = self.handle_user_exception(e)
  File "C:\Users\Fuck-Windows\AppData\Local\Programs\Python\Python314\Lib\site-packages\flask\app.py", line 917, in full_dispatch_request
    rv = self.dispatch_request()
  File "C:\Users\Fuck-Windows\AppData\Local\Programs\Python\Python314\Lib\site-packages\flask\app.py", line 902, in dispatch_request
    return self.ensure_sync(self.view_functions[rule.endpoint])(**view_args)  # type: ignore[no-any-return]
           ~~~~~~~~~~~~~~~~~~~~~~~~~~~~~~~~~~~~~~~~~~~~~~~~~~~~^^^^^^^^^^^^^
  File "D:\Projects\Python_Projects\Discord bot\src\web\app.py", line 160, in api_music
    "queue":     [{"title": s.title, "duration": s.duration} for s in list(state.queue)],
                            ^^^^^^^
AttributeError: 'dict' object has no attribute 'title'
2026-03-18 22:29:19 [INFO    ] __main__:   [OK] src.cogs.moderation
2026-03-18 22:29:19 [INFO    ] src.cogs.music: Spotify client ready.
2026-03-18 22:29:19 [INFO    ] __main__:   [OK] src.cogs.music
2026-03-18 22:29:19 [INFO    ] src.cogs.invite: Invite log channel: None
2026-03-18 22:29:19 [INFO    ] __main__:   [OK] src.cogs.invite
2026-03-18 22:29:19 [INFO    ] __main__:   [OK] src.cogs.help
2026-03-18 22:29:22 [INFO    ] src.cogs.invite: Invite cache ready: 1 codes
2026-03-18 22:29:22 [INFO    ] __main__: Synced 15 slash commands.
2026-03-18 22:29:22 [INFO    ] __main__: Ready: kolokithes A.E#7073 | guilds=5 | users=81
2026-03-18 22:29:43 [ERROR   ] src.web.app: Exception on /api/music [GET]
Traceback (most recent call last):
  File "C:\Users\Fuck-Windows\AppData\Local\Programs\Python\Python314\Lib\site-packages\flask\app.py", line 1511, in wsgi_app
    response = self.full_dispatch_request()
  File "C:\Users\Fuck-Windows\AppData\Local\Programs\Python\Python314\Lib\site-packages\flask\app.py", line 919, in full_dispatch_request
    rv = self.handle_user_exception(e)
  File "C:\Users\Fuck-Windows\AppData\Local\Programs\Python\Python314\Lib\site-packages\flask\app.py", line 917, in full_dispatch_request
    rv = self.dispatch_request()
  File "C:\Users\Fuck-Windows\AppData\Local\Programs\Python\Python314\Lib\site-packages\flask\app.py", line 902, in dispatch_request
    return self.ensure_sync(self.view_functions[rule.endpoint])(**view_args)  # type: ignore[no-any-return]
           ~~~~~~~~~~~~~~~~~~~~~~~~~~~~~~~~~~~~~~~~~~~~~~~~~~~~^^^^^^^^^^^^^
  File "D:\Projects\Python_Projects\Discord bot\src\web\app.py", line 160, in api_music
    "queue":     [{"title": s.title, "duration": s.duration} for s in list(state.queue)],
                            ^^^^^^^
AttributeError: 'dict' object has no attribute 'title'
2026-03-18 22:29:45 [ERROR   ] src.web.app: Exception on /api/music [GET]
Traceback (most recent call last):
  File "C:\Users\Fuck-Windows\AppData\Local\Programs\Python\Python314\Lib\site-packages\flask\app.py", line 1511, in wsgi_app
    response = self.full_dispatch_request()
  File "C:\Users\Fuck-Windows\AppData\Local\Programs\Python\Python314\Lib\site-packages\flask\app.py", line 919, in full_dispatch_request
    rv = self.handle_user_exception(e)
  File "C:\Users\Fuck-Windows\AppData\Local\Programs\Python\Python314\Lib\site-packages\flask\app.py", line 917, in full_dispatch_request
    rv = self.dispatch_request()
  File "C:\Users\Fuck-Windows\AppData\Local\Programs\Python\Python314\Lib\site-packages\flask\app.py", line 902, in dispatch_request
    return self.ensure_sync(self.view_functions[rule.endpoint])(**view_args)  # type: ignore[no-any-return]
           ~~~~~~~~~~~~~~~~~~~~~~~~~~~~~~~~~~~~~~~~~~~~~~~~~~~~^^^^^^^^^^^^^
  File "D:\Projects\Python_Projects\Discord bot\src\web\app.py", line 160, in api_music
    "queue":     [{"title": s.title, "duration": s.duration} for s in list(state.queue)],
                            ^^^^^^^
AttributeError: 'dict' object has no attribute 'title'
2026-03-18 22:29:54 [ERROR   ] src.web.app: Exception on /api/music [GET]
Traceback (most recent call last):
  File "C:\Users\Fuck-Windows\AppData\Local\Programs\Python\Python314\Lib\site-packages\flask\app.py", line 1511, in wsgi_app
    response = self.full_dispatch_request()
  File "C:\Users\Fuck-Windows\AppData\Local\Programs\Python\Python314\Lib\site-packages\flask\app.py", line 919, in full_dispatch_request
    rv = self.handle_user_exception(e)
  File "C:\Users\Fuck-Windows\AppData\Local\Programs\Python\Python314\Lib\site-packages\flask\app.py", line 917, in full_dispatch_request
    rv = self.dispatch_request()
  File "C:\Users\Fuck-Windows\AppData\Local\Programs\Python\Python314\Lib\site-packages\flask\app.py", line 902, in dispatch_request
    return self.ensure_sync(self.view_functions[rule.endpoint])(**view_args)  # type: ignore[no-any-return]
           ~~~~~~~~~~~~~~~~~~~~~~~~~~~~~~~~~~~~~~~~~~~~~~~~~~~~^^^^^^^^^^^^^
  File "D:\Projects\Python_Projects\Discord bot\src\web\app.py", line 160, in api_music
    "queue":     [{"title": s.title, "duration": s.duration} for s in list(state.queue)],
                            ^^^^^^^
AttributeError: 'dict' object has no attribute 'title'
2026-03-18 22:30:56 [INFO    ] __main__:   [OK] src.cogs.moderation
2026-03-18 22:30:56 [INFO    ] src.cogs.music: Spotify client ready.
2026-03-18 22:30:56 [INFO    ] __main__:   [OK] src.cogs.music
2026-03-18 22:30:56 [INFO    ] src.cogs.invite: Invite log channel: None
2026-03-18 22:30:56 [INFO    ] __main__:   [OK] src.cogs.invite
2026-03-18 22:30:56 [INFO    ] __main__:   [OK] src.cogs.help
2026-03-18 22:31:00 [INFO    ] src.cogs.invite: Invite cache ready: 1 codes
2026-03-18 22:31:00 [INFO    ] __main__: Synced 15 slash commands.
2026-03-18 22:31:00 [INFO    ] __main__: Ready: kolokithes A.E#7073 | guilds=5 | users=81
2026-03-18 22:31:25 [ERROR   ] src.web.app: Exception on /api/music [GET]
Traceback (most recent call last):
  File "C:\Users\Fuck-Windows\AppData\Local\Programs\Python\Python314\Lib\site-packages\flask\app.py", line 1511, in wsgi_app
    response = self.full_dispatch_request()
  File "C:\Users\Fuck-Windows\AppData\Local\Programs\Python\Python314\Lib\site-packages\flask\app.py", line 919, in full_dispatch_request
    rv = self.handle_user_exception(e)
  File "C:\Users\Fuck-Windows\AppData\Local\Programs\Python\Python314\Lib\site-packages\flask\app.py", line 917, in full_dispatch_request
    rv = self.dispatch_request()
  File "C:\Users\Fuck-Windows\AppData\Local\Programs\Python\Python314\Lib\site-packages\flask\app.py", line 902, in dispatch_request
    return self.ensure_sync(self.view_functions[rule.endpoint])(**view_args)  # type: ignore[no-any-return]
           ~~~~~~~~~~~~~~~~~~~~~~~~~~~~~~~~~~~~~~~~~~~~~~~~~~~~^^^^^^^^^^^^^
  File "D:\Projects\Python_Projects\Discord bot\src\web\app.py", line 160, in api_music
    "queue":     [{"title": s.title, "duration": s.duration} for s in list(state.queue)],
                            ^^^^^^^
AttributeError: 'dict' object has no attribute 'title'
2026-03-18 22:31:27 [ERROR   ] src.web.app: Exception on /api/music [GET]
Traceback (most recent call last):
  File "C:\Users\Fuck-Windows\AppData\Local\Programs\Python\Python314\Lib\site-packages\flask\app.py", line 1511, in wsgi_app
    response = self.full_dispatch_request()
  File "C:\Users\Fuck-Windows\AppData\Local\Programs\Python\Python314\Lib\site-packages\flask\app.py", line 919, in full_dispatch_request
    rv = self.handle_user_exception(e)
  File "C:\Users\Fuck-Windows\AppData\Local\Programs\Python\Python314\Lib\site-packages\flask\app.py", line 917, in full_dispatch_request
    rv = self.dispatch_request()
  File "C:\Users\Fuck-Windows\AppData\Local\Programs\Python\Python314\Lib\site-packages\flask\app.py", line 902, in dispatch_request
    return self.ensure_sync(self.view_functions[rule.endpoint])(**view_args)  # type: ignore[no-any-return]
           ~~~~~~~~~~~~~~~~~~~~~~~~~~~~~~~~~~~~~~~~~~~~~~~~~~~~^^^^^^^^^^^^^
  File "D:\Projects\Python_Projects\Discord bot\src\web\app.py", line 160, in api_music
    "queue":     [{"title": s.title, "duration": s.duration} for s in list(state.queue)],
                            ^^^^^^^
AttributeError: 'dict' object has no attribute 'title'
2026-03-18 22:31:36 [ERROR   ] src.web.app: Exception on /api/music [GET]
Traceback (most recent call last):
  File "C:\Users\Fuck-Windows\AppData\Local\Programs\Python\Python314\Lib\site-packages\flask\app.py", line 1511, in wsgi_app
    response = self.full_dispatch_request()
  File "C:\Users\Fuck-Windows\AppData\Local\Programs\Python\Python314\Lib\site-packages\flask\app.py", line 919, in full_dispatch_request
    rv = self.handle_user_exception(e)
  File "C:\Users\Fuck-Windows\AppData\Local\Programs\Python\Python314\Lib\site-packages\flask\app.py", line 917, in full_dispatch_request
    rv = self.dispatch_request()
  File "C:\Users\Fuck-Windows\AppData\Local\Programs\Python\Python314\Lib\site-packages\flask\app.py", line 902, in dispatch_request
    return self.ensure_sync(self.view_functions[rule.endpoint])(**view_args)  # type: ignore[no-any-return]
           ~~~~~~~~~~~~~~~~~~~~~~~~~~~~~~~~~~~~~~~~~~~~~~~~~~~~^^^^^^^^^^^^^
  File "D:\Projects\Python_Projects\Discord bot\src\web\app.py", line 160, in api_music
    "queue":     [{"title": s.title, "duration": s.duration} for s in list(state.queue)],
                            ^^^^^^^
AttributeError: 'dict' object has no attribute 'title'
2026-03-18 22:31:46 [ERROR   ] src.web.app: Exception on /api/music [GET]
Traceback (most recent call last):
  File "C:\Users\Fuck-Windows\AppData\Local\Programs\Python\Python314\Lib\site-packages\flask\app.py", line 1511, in wsgi_app
    response = self.full_dispatch_request()
  File "C:\Users\Fuck-Windows\AppData\Local\Programs\Python\Python314\Lib\site-packages\flask\app.py", line 919, in full_dispatch_request
    rv = self.handle_user_exception(e)
  File "C:\Users\Fuck-Windows\AppData\Local\Programs\Python\Python314\Lib\site-packages\flask\app.py", line 917, in full_dispatch_request
    rv = self.dispatch_request()
  File "C:\Users\Fuck-Windows\AppData\Local\Programs\Python\Python314\Lib\site-packages\flask\app.py", line 902, in dispatch_request
    return self.ensure_sync(self.view_functions[rule.endpoint])(**view_args)  # type: ignore[no-any-return]
           ~~~~~~~~~~~~~~~~~~~~~~~~~~~~~~~~~~~~~~~~~~~~~~~~~~~~^^^^^^^^^^^^^
  File "D:\Projects\Python_Projects\Discord bot\src\web\app.py", line 160, in api_music
    "queue":     [{"title": s.title, "duration": s.duration} for s in list(state.queue)],
                            ^^^^^^^
AttributeError: 'dict' object has no attribute 'title'
2026-03-18 22:34:20 [INFO    ] __main__:   [OK] src.cogs.moderation
2026-03-18 22:34:20 [INFO    ] src.cogs.music: Spotify client ready.
2026-03-18 22:34:20 [INFO    ] __main__:   [OK] src.cogs.music
2026-03-18 22:34:20 [INFO    ] src.cogs.invite: Invite log channel: None
2026-03-18 22:34:20 [INFO    ] __main__:   [OK] src.cogs.invite
2026-03-18 22:34:20 [INFO    ] __main__:   [OK] src.cogs.help
2026-03-18 22:34:24 [INFO    ] src.cogs.invite: Invite cache ready: 1 codes
2026-03-18 22:34:24 [INFO    ] __main__: Synced 15 slash commands.
2026-03-18 22:34:24 [INFO    ] __main__: Ready: kolokithes A.E#7073 | guilds=5 | users=81
2026-03-18 22:46:20 [INFO    ] __main__:   [OK] src.cogs.moderation
2026-03-18 22:46:20 [INFO    ] src.cogs.music: Spotify client ready.
2026-03-18 22:46:20 [INFO    ] __main__:   [OK] src.cogs.music
2026-03-18 22:46:20 [INFO    ] src.cogs.invite: Invite log channel: None
2026-03-18 22:46:20 [INFO    ] __main__:   [OK] src.cogs.invite
2026-03-18 22:46:20 [INFO    ] __main__:   [OK] src.cogs.help
2026-03-18 22:46:23 [INFO    ] src.cogs.invite: Invite cache ready: 1 codes
2026-03-18 22:46:23 [INFO    ] __main__: Synced 15 slash commands.
2026-03-18 22:46:23 [INFO    ] __main__: Ready: kolokithes A.E#7073 | guilds=5 | users=81
2026-03-18 22:50:33 [INFO    ] __main__:   [OK] src.cogs.moderation
2026-03-18 22:50:33 [INFO    ] src.cogs.music: Spotify client ready.
2026-03-18 22:50:33 [INFO    ] __main__:   [OK] src.cogs.music
2026-03-18 22:50:33 [INFO    ] src.cogs.invite: Invite log channel: None
2026-03-18 22:50:33 [INFO    ] __main__:   [OK] src.cogs.invite
2026-03-18 22:50:33 [INFO    ] __main__:   [OK] src.cogs.help
2026-03-18 22:50:37 [INFO    ] __main__: Synced 15 slash commands.
2026-03-18 22:50:37 [INFO    ] __main__: Ready: kolokithes A.E#7073 | guilds=5 | users=81
2026-03-18 22:50:37 [INFO    ] src.cogs.invite: Invite cache ready: 1 codes
2026-03-19 00:22:54 [INFO    ] __main__:   [OK] src.cogs.moderation
2026-03-19 00:22:54 [INFO    ] src.cogs.music: Spotify client ready.
2026-03-19 00:22:54 [INFO    ] __main__:   [OK] src.cogs.music
2026-03-19 00:22:54 [INFO    ] src.cogs.invite: Invite log channel: None
2026-03-19 00:22:54 [INFO    ] __main__:   [OK] src.cogs.invite
2026-03-19 00:22:54 [INFO    ] __main__:   [OK] src.cogs.help
2026-03-19 00:22:58 [INFO    ] src.cogs.invite: Invite cache ready: 1 codes
2026-03-19 00:22:58 [INFO    ] __main__: Synced 15 slash commands.
2026-03-19 00:22:58 [INFO    ] __main__: Ready: kolokithes A.E#7073 | guilds=5 | users=81
